<?xml version="1.0" encoding="UTF-8"?>
<!-- Generated by org.testng.reporters.JUnitReportReporter -->
<testsuite skipped="0" hostname="Dell" name="com.qa.xoriant.apiDemo.test.CreateUser_gson_jsonSimple" tests="1" failures="0" timestamp="24 Sep 2020 06:06:47 GMT" time="6.079" errors="0">
  <testcase name="createUser_GSONBuilder" time="6.079" classname="com.qa.xoriant.apiDemo.test.CreateUser_gson_jsonSimple"/>
</testsuite> <!-- com.qa.xoriant.apiDemo.test.CreateUser_gson_jsonSimple -->
