<?xml version="1.0" encoding="UTF-8"?>
<!-- Generated by org.testng.reporters.JUnitReportReporter -->
<testsuite skipped="0" hostname="Dell" name="com.qa.xoriant.apiDemo.test.CreateUser" tests="4" failures="0" timestamp="24 Sep 2020 05:49:06 GMT" time="9.836" errors="0">
  <testcase name="createNewUserWithDateValidation" time="6.991" classname="com.qa.xoriant.apiDemo.test.CreateUser"/>
  <testcase name="createNewUserWithIDValidation" time="0.930" classname="com.qa.xoriant.apiDemo.test.CreateUser"/>
  <testcase name="createNewUserWithIDValidation" time="1.029" classname="com.qa.xoriant.apiDemo.test.CreateUser"/>
  <testcase name="createNewUserWithDateValidation" time="0.886" classname="com.qa.xoriant.apiDemo.test.CreateUser"/>
</testsuite> <!-- com.qa.xoriant.apiDemo.test.CreateUser -->
