<?xml version="1.0" encoding="UTF-8"?>
<!-- Generated by org.testng.reporters.JUnitReportReporter -->
<testsuite skipped="0" hostname="Dell" name="com.qa.xoriant.apiDemo.test.ListUsers" tests="4" failures="0" timestamp="18 Sep 2020 16:28:07 GMT" time="1.999" errors="0">
  <testcase name="GetIDusingJsonPath" time="0.529" classname="com.qa.xoriant.apiDemo.test.ListUsers"/>
  <testcase name="UserListReqwithGiven" time="0.487" classname="com.qa.xoriant.apiDemo.test.ListUsers"/>
  <testcase name="GetfirstNamesingRestAssuredBodyMethod" time="0.577" classname="com.qa.xoriant.apiDemo.test.ListUsers"/>
  <testcase name="UserListReq" time="0.406" classname="com.qa.xoriant.apiDemo.test.ListUsers"/>
</testsuite> <!-- com.qa.xoriant.apiDemo.test.ListUsers -->
