<?xml version="1.0" encoding="UTF-8"?>
<!-- Generated by org.testng.reporters.JUnitReportReporter -->
<testsuite skipped="0" hostname="Dell" name="com.qa.xoriant.apiDemo.test.ListUsers" tests="1" failures="0" timestamp="24 Sep 2020 07:06:10 GMT" time="5.969" errors="0">
  <testcase name="JSONSchemaValidator" time="5.969" classname="com.qa.xoriant.apiDemo.test.ListUsers"/>
</testsuite> <!-- com.qa.xoriant.apiDemo.test.ListUsers -->
